2024-08-17 12:10:01 [main] INFO  org.testng.internal.Utils - [TestNG] Running:
  C:\Users\jkart\eclipse-workspace\SDET_FRAMEWORK\testng.xml

2024-08-17 12:10:06 [main] INFO  testCases.TC02_Login - ***** TC02_Login Execution Started *****
2024-08-17 12:10:08 [main] INFO  testCases.TC02_Login - ***** TC02_Login Execution Completed *****
2024-08-29 13:53:57 [main] DEBUG org.testng.TestNG - suiteXmlPath: "C:\Users\jkart\eclipse-workspace\SDET_FRAMEWORK\docker-compose.xml"
2024-08-29 13:53:57 [main] INFO  org.testng.internal.Utils - [TestNG] Running:
  C:\Users\jkart\eclipse-workspace\SDET_FRAMEWORK\docker-compose.xml

2024-08-29 13:53:58 [main] INFO  testCases.TC02_Login - ***** TC02_Login Execution Started *****
2024-08-29 13:54:41 [main] DEBUG org.testng.TestNG - suiteXmlPath: "C:\Users\jkart\eclipse-workspace\SDET_FRAMEWORK\testng.xml"
2024-08-29 13:54:41 [main] INFO  org.testng.internal.Utils - [TestNG] Running:
  C:\Users\jkart\eclipse-workspace\SDET_FRAMEWORK\testng.xml

2024-08-29 13:56:09 [main] DEBUG org.testng.TestNG - suiteXmlPath: "C:\Users\jkart\eclipse-workspace\SDET_FRAMEWORK\docker-compose.xml"
2024-08-29 13:56:10 [main] INFO  org.testng.internal.Utils - [TestNG] Running:
  C:\Users\jkart\eclipse-workspace\SDET_FRAMEWORK\docker-compose.xml

2024-08-29 13:56:10 [main] INFO  testCases.TC02_Login - ***** TC02_Login Execution Started *****
2024-08-29 13:56:51 [main] DEBUG org.testng.TestNG - suiteXmlPath: "C:\Users\jkart\eclipse-workspace\SDET_FRAMEWORK\testng.xml"
2024-08-29 13:56:51 [main] INFO  org.testng.internal.Utils - [TestNG] Running:
  C:\Users\jkart\eclipse-workspace\SDET_FRAMEWORK\testng.xml

2024-08-29 13:57:03 [main] DEBUG org.testng.TestNG - suiteXmlPath: "C:\Users\jkart\eclipse-workspace\SDET_FRAMEWORK\grouping.xml"
2024-08-29 13:57:03 [main] INFO  org.testng.internal.Utils - [TestNG] Running:
  C:\Users\jkart\eclipse-workspace\SDET_FRAMEWORK\grouping.xml

2024-08-29 13:57:41 [main] DEBUG org.testng.TestNG - suiteXmlPath: "C:\Users\jkart\eclipse-workspace\SDET_FRAMEWORK\grouping.xml"
2024-08-29 13:57:41 [main] INFO  org.testng.internal.Utils - [TestNG] Running:
  C:\Users\jkart\eclipse-workspace\SDET_FRAMEWORK\grouping.xml

