2024-08-13 19:55:51 [main] INFO  testCases.TC01_Account_Registration - ********TESTCASE EXECUTION COMPLETED***********
2024-08-13 19:55:53 [main] INFO  testCases.TC02_Login - ***** TC02_Login Execution Started *****
2024-08-13 19:55:54 [main] INFO  testCases.TC02_Login - ***** TC02_Login Execution Completed *****
2024-08-13 20:02:42 [main] DEBUG org.testng.TestNG - suiteXmlPath: "C:\Users\jkart\eclipse-workspace\SDET_FRAMEWORK\grouping.xml"
2024-08-13 20:02:42 [main] INFO  org.testng.internal.Utils - [TestNG] Running:
  C:\Users\jkart\eclipse-workspace\SDET_FRAMEWORK\grouping.xml

2024-08-13 20:02:45 [main] INFO  testCases.TC01_Account_Registration - ********TESTCASE EXECUTION STARTED***********
2024-08-13 20:03:06 [main] INFO  testCases.TC01_Account_Registration - **********Validating the Regisration Completion*************
2024-08-13 20:03:06 [main] INFO  testCases.TC01_Account_Registration - ********TESTCASE EXECUTION COMPLETED***********
2024-08-13 20:03:08 [main] INFO  testCases.TC02_Login - ***** TC02_Login Execution Started *****
2024-08-13 20:08:28 [main] DEBUG org.testng.TestNG - suiteXmlPath: "C:\Users\jkart\eclipse-workspace\SDET_FRAMEWORK\grouping.xml"
2024-08-13 20:08:29 [main] INFO  org.testng.internal.Utils - [TestNG] Running:
  C:\Users\jkart\eclipse-workspace\SDET_FRAMEWORK\grouping.xml

2024-08-13 20:08:32 [main] INFO  testCases.TC01_Account_Registration - ********TESTCASE EXECUTION STARTED***********
2024-08-13 20:08:53 [main] INFO  testCases.TC01_Account_Registration - **********Validating the Regisration Completion*************
2024-08-13 20:08:53 [main] INFO  testCases.TC01_Account_Registration - ********TESTCASE EXECUTION COMPLETED***********
2024-08-13 20:08:55 [main] INFO  testCases.TC02_Login - ***** TC02_Login Execution Started *****
2024-08-13 20:11:25 [main] DEBUG org.testng.TestNG - suiteXmlPath: "C:\Users\jkart\eclipse-workspace\SDET_FRAMEWORK\grouping.xml"
2024-08-13 20:11:26 [main] INFO  org.testng.internal.Utils - [TestNG] Running:
  C:\Users\jkart\eclipse-workspace\SDET_FRAMEWORK\grouping.xml

2024-08-13 20:11:29 [main] INFO  testCases.TC01_Account_Registration - ********TESTCASE EXECUTION STARTED***********
2024-08-13 20:11:49 [main] INFO  testCases.TC01_Account_Registration - **********Validating the Regisration Completion*************
2024-08-13 20:11:49 [main] INFO  testCases.TC01_Account_Registration - ********TESTCASE EXECUTION COMPLETED***********
2024-08-13 20:11:51 [main] INFO  testCases.TC02_Login - ***** TC02_Login Execution Started *****
2024-08-13 20:14:02 [main] DEBUG org.testng.TestNG - suiteXmlPath: "C:\Users\jkart\eclipse-workspace\SDET_FRAMEWORK\grouping.xml"
2024-08-13 20:14:02 [main] INFO  org.testng.internal.Utils - [TestNG] Running:
  C:\Users\jkart\eclipse-workspace\SDET_FRAMEWORK\grouping.xml

2024-08-13 20:14:05 [main] INFO  testCases.TC01_Account_Registration - ********TESTCASE EXECUTION STARTED***********
2024-08-13 20:14:25 [main] INFO  testCases.TC01_Account_Registration - **********Validating the Regisration Completion*************
2024-08-13 20:14:26 [main] INFO  testCases.TC01_Account_Registration - ********TESTCASE EXECUTION COMPLETED***********
2024-08-13 20:14:28 [main] INFO  testCases.TC02_Login - ***** TC02_Login Execution Started *****
2024-08-17 11:58:00 [main] DEBUG org.testng.TestNG - suiteXmlPath: "C:\Users\jkart\eclipse-workspace\SDET_FRAMEWORK\testng.xml"
2024-08-17 11:58:01 [main] INFO  org.testng.internal.Utils - [TestNG] Running:
  C:\Users\jkart\eclipse-workspace\SDET_FRAMEWORK\testng.xml

2024-08-17 11:59:22 [main] DEBUG org.testng.TestNG - suiteXmlPath: "C:\Users\jkart\eclipse-workspace\SDET_FRAMEWORK\testng.xml"
2024-08-17 11:59:22 [main] INFO  org.testng.internal.Utils - [TestNG] Running:
  C:\Users\jkart\eclipse-workspace\SDET_FRAMEWORK\testng.xml

2024-08-17 12:00:58 [main] DEBUG org.testng.TestNG - suiteXmlPath: "C:\Users\jkart\eclipse-workspace\SDET_FRAMEWORK\testng.xml"
2024-08-17 12:00:58 [main] INFO  org.testng.internal.Utils - [TestNG] Running:
  C:\Users\jkart\eclipse-workspace\SDET_FRAMEWORK\testng.xml

2024-08-17 12:01:45 [main] DEBUG org.testng.TestNG - suiteXmlPath: "C:\Users\jkart\eclipse-workspace\SDET_FRAMEWORK\testng.xml"
2024-08-17 12:01:46 [main] INFO  org.testng.internal.Utils - [TestNG] Running:
  C:\Users\jkart\eclipse-workspace\SDET_FRAMEWORK\testng.xml

2024-08-17 12:01:51 [main] INFO  testCases.TC02_Login - ***** TC02_Login Execution Started *****
2024-08-17 12:08:54 [main] DEBUG org.testng.TestNG - suiteXmlPath: "C:\Users\jkart\eclipse-workspace\SDET_FRAMEWORK\testng.xml"
2024-08-17 12:08:54 [main] INFO  org.testng.internal.Utils - [TestNG] Running:
  C:\Users\jkart\eclipse-workspace\SDET_FRAMEWORK\testng.xml

2024-08-17 12:08:59 [main] INFO  testCases.TC02_Login - ***** TC02_Login Execution Started *****
2024-08-17 12:09:01 [main] INFO  testCases.TC02_Login - ***** TC02_Login Execution Completed *****
2024-08-17 12:10:01 [main] DEBUG org.testng.TestNG - suiteXmlPath: "C:\Users\jkart\eclipse-workspace\SDET_FRAMEWORK\testng.xml"
